<?xml version="1.0" encoding="UTF-8"?>
<testsuite xmlns:xsi="http://www.w3.org/2001/XMLSchema-instance" xsi:noNamespaceSchemaLocation="https://maven.apache.org/surefire/maven-surefire-plugin/xsd/surefire-test-report.xsd" name="spring5petclinic.Spring5PetclinicApplicationTests" time="0.481" tests="1" errors="1" skipped="0" failures="0">
  <properties>
[...]
</properties>
  <testcase name="spring5petclinic.Spring5PetclinicApplicationTests" classname="spring5petclinic.Spring5PetclinicApplicationTests" time="0.479">
    <error message="Unable to find a @SpringBootConfiguration, you need to use @ContextConfiguration or @SpringBootTest(classes=...) with your test" type="java.lang.IllegalStateException">java.lang.IllegalStateException: Unable to find a @SpringBootConfiguration, you need to use @ContextConfiguration or @SpringBootTest(classes=...) with your test
</error>
    <system-out><![CDATA[02:10:20.989 [main] DEBUG org.springframework.test.context.BootstrapUtils - Instantiating CacheAwareContextLoaderDelegate from class [org.springframework.test.context.cache.DefaultCacheAwareContextLoaderDelegate]
02:10:21.015 [main] DEBUG org.springframework.test.context.BootstrapUtils - Instantiating BootstrapContext using constructor [public org.springframework.test.context.support.DefaultBootstrapContext(java.lang.Class,org.springframework.test.context.CacheAwareContextLoaderDelegate)]
02:10:21.091 [main] DEBUG org.springframework.test.context.BootstrapUtils - Instantiating TestContextBootstrapper for test class [spring5petclinic.Spring5PetclinicApplicationTests] from class [org.springframework.boot.test.context.SpringBootTestContextBootstrapper]
02:10:21.114 [main] INFO org.springframework.boot.test.context.SpringBootTestContextBootstrapper - Neither @ContextConfiguration nor @ContextHierarchy found for test class [spring5petclinic.Spring5PetclinicApplicationTests], using SpringBootContextLoader
02:10:21.124 [main] DEBUG org.springframework.test.context.support.AbstractContextLoader - Did not detect default resource location for test class [spring5petclinic.Spring5PetclinicApplicationTests]: class path resource [spring5petclinic/Spring5PetclinicApplicationTests-context.xml] does not exist
02:10:21.125 [main] DEBUG org.springframework.test.context.support.AbstractContextLoader - Did not detect default resource location for test class [spring5petclinic.Spring5PetclinicApplicationTests]: class path resource [spring5petclinic/Spring5PetclinicApplicationTestsContext.groovy] does not exist
02:10:21.126 [main] INFO org.springframework.test.context.support.AbstractContextLoader - Could not detect default resource locations for test class [spring5petclinic.Spring5PetclinicApplicationTests]: no resource found for suffixes {-context.xml, Context.groovy}.
02:10:21.128 [main] INFO org.springframework.test.context.support.AnnotationConfigContextLoaderUtils - Could not detect default configuration classes for test class [spring5petclinic.Spring5PetclinicApplicationTests]: Spring5PetclinicApplicationTests does not declare any static, non-private, non-final, nested classes annotated with @Configuration.
02:10:21.239 [main] DEBUG org.springframework.test.context.support.ActiveProfilesUtils - Could not find an 'annotation declaring class' for annotation type [org.springframework.test.context.ActiveProfiles] and class [spring5petclinic.Spring5PetclinicApplicationTests]
]]></system-out>
  </testcase>
</testsuite>